[20:31:19] [main/INFO] (FabricLoader) Loading for game Minecraft 1.17.1
[20:31:20] [main/INFO] (Fabric|Loader) [FabricLoader] Loading 54 mods:
	- architectury@2.5.32
	- cloth-basic-math@0.5.1
	- cloth-config2@5.0.38
	- fabric@0.39.2+1.17
	- fabric-api-base@0.3.0+a02b446318
	- fabric-api-lookup-api-v1@1.3.0+2f75c6ce18
	- fabric-biome-api-v1@3.2.0+b06cb95b18
	- fabric-blockrenderlayer-v1@1.1.5+a02b446318
	- fabric-command-api-v1@1.1.3+5ab9934c18
	- fabric-commands-v0@0.2.2+92519afa18
	- fabric-containers-v0@0.1.12+a02b446318
	- fabric-content-registries-v0@0.3.0+211ddf9518
	- fabric-crash-report-info-v1@0.1.5+be9da31018
	- fabric-dimensions-v1@2.0.11+6cefd57718
	- fabric-entity-events-v1@1.2.2+62e33f4118
	- fabric-events-interaction-v0@0.4.9+a722d8c018
	- fabric-events-lifecycle-v0@0.2.1+92519afa18
	- fabric-game-rule-api-v1@1.0.7+6cefd57718
	- fabric-item-api-v1@1.2.4+cbda931818
	- fabric-item-groups-v0@0.2.10+b7ab612118
	- fabric-key-binding-api-v1@1.0.4+cbda931818
	- fabric-keybindings-v0@0.2.2+36b77c3e18
	- fabric-lifecycle-events-v1@1.4.4+a02b446318
	- fabric-loot-tables-v1@1.0.4+a02b446318
	- fabric-mining-levels-v0@0.1.3+92519afa18
	- fabric-models-v0@0.3.0+a02b446318
	- fabric-networking-api-v1@1.0.13+2e8bd82f18
	- fabric-networking-blockentity-v0@0.2.11+a02b446318
	- fabric-networking-v0@0.3.2+92519afa18
	- fabric-object-builder-api-v1@1.10.9+cbda931818
	- fabric-object-builders-v0@0.7.3+a02b446318
	- fabric-particles-v1@0.2.4+a02b446318
	- fabric-registry-sync-v0@0.7.10+e2961fee18
	- fabric-renderer-api-v1@0.4.4+5f02c96918
	- fabric-renderer-indigo@0.4.8+a02b446318
	- fabric-renderer-registries-v1@3.2.1+b06cb95b18
	- fabric-rendering-data-attachment-v1@0.1.5+a02b446318
	- fabric-rendering-fluids-v1@0.1.13+a02b446318
	- fabric-rendering-v0@1.1.2+92519afa18
	- fabric-rendering-v1@1.8.0+b06cb95b18
	- fabric-resource-loader-v0@0.4.8+a00e834b18
	- fabric-screen-api-v1@1.0.4+155f865c18
	- fabric-screen-handler-api-v1@1.1.8+a02b446318
	- fabric-structure-api-v1@1.1.13+5ab9934c18
	- fabric-tag-extensions-v0@1.2.1+b06cb95b18
	- fabric-textures-v0@1.0.6+a02b446318
	- fabric-tool-attribute-api-v1@1.2.12+b7ab612118
	- fabric-transfer-api-v1@1.1.2+96bf6a7e18
	- fabricloader@0.11.6
	- java@16
	- minecraft@1.17.1
	- modmenu@2.0.14
	- roughlyenoughitems@6.0.285-alpha
	- sundry@1.0.0
[20:31:22] [main/INFO] (mixin) SpongePowered MIXIN Subsystem Version=0.8.2 Source=file:/C:/Users/waffe/.gradle/caches/modules-2/files-2.1/net.fabricmc/sponge-mixin/0.9.4+mixin.0.8.2/ef410951e94c7f4939cc74c86f8df371827818a4/sponge-mixin-0.9.4+mixin.0.8.2.jar Service=Knot/Fabric Env=CLIENT
[20:31:22] [main/INFO] (Fabric|MixinBootstrap) Loaded Fabric development mappings for mixin remapper!
[20:31:22] [main/INFO] (mixin) Compatibility level set to JAVA_16
[20:31:23] [main/WARN] (mixin) @Mixin target net/minecraft/server/world/ServerWorld$ServerEntityHandler is public in fabric-lifecycle-events-v1.mixins.json:ServerWorldEntityLoaderMixin and should be specified in value
[20:31:23] [main/WARN] (mixin) @Mixin target net/minecraft/client/world/ClientWorld$ClientEntityHandler is public in fabric-lifecycle-events-v1.mixins.json:client.ClientWorldEntityLoaderMixin and should be specified in value
[20:31:23] [main/WARN] (mixin) @Mixin target net/minecraft/client/render/block/BlockModelRenderer$AmbientOcclusionCalculator is public in fabric-renderer-indigo.mixins.json:MixinAmbientOcclusionCalculator and should be specified in value
[20:31:23] [main/WARN] (mixin) @Mixin target net/minecraft/client/render/chunk/ChunkBuilder$BuiltChunk$RebuildTask is public in fabric-renderer-indigo.mixins.json:MixinChunkRebuildTask and should be specified in value
[20:31:23] [main/WARN] (mixin) @Mixin target net/minecraft/server/network/ServerPlayNetworkHandler$1 is public in fabric-events-interaction-v0.mixins.json:MixinServerPlayNetworkHandler and should be specified in value
[20:31:23] [main/WARN] (mixin) @Mixin target net/minecraft/village/TradeOffers$TypeAwareBuyForOneEmeraldFactory is public in fabric-object-builder-v1.mixins.json:TypeAwareTradeMixin and should be specified in value
[20:31:23] [main/WARN] (mixin) @Mixin target net/minecraft/client/font/FontManager$1 is public in fabric-resource-loader-v0.mixins.json:client.FontManagerResourceReloadListenerMixin and should be specified in value
[20:31:23] [main/WARN] (mixin) @Mixin target net/minecraft/server/command/GameRuleCommand$1 is public in fabric-game-rule-api-v1.mixins.json:GameRuleCommandVisitorMixin and should be specified in value
[20:31:23] [main/WARN] (mixin) @Mixin target net/minecraft/client/gui/screen/world/EditGameRulesScreen$RuleListWidget$1 is public in fabric-game-rule-api-v1.mixins.json:client.RuleListWidgetVisitorMixin and should be specified in value
[20:31:23] [main/WARN] (mixin) @Mixin target net/minecraft/server/world/ThreadedAnvilChunkStorage$EntityTracker is public in fabric-networking-api-v1.mixins.json:accessor.EntityTrackerAccessor and should be specified in value
[20:31:23] [main/WARN] (mixin) @Mixin target net/minecraft/client/particle/ParticleManager$SimpleSpriteProvider is public in fabric-particles-v1.mixins.json:ParticleManagerAccessor$SimpleSpriteProviderAccessor and should be specified in value
[20:31:23] [main/WARN] (mixin) @Mixin target net/minecraft/data/server/AbstractTagProvider$ObjectBuilder is public in fabric-tag-extensions-v0.mixins.json:MixinObjectBuilder and should be specified in value
[20:31:23] [main/WARN] (mixin) @Mixin target net/minecraft/tag/RequiredTagList$TagWrapper is public in fabric-tag-extensions-v0.mixins.json:MixinTagImpl and should be specified in value
[20:31:24] [main/WARN] (FileUtil) Configuration conflict: there is more than one oshi.properties file on the classpath
[20:31:24] [main/WARN] (FileUtil) Configuration conflict: there is more than one oshi.architecture.properties file on the classpath
[20:31:27] [Render thread/INFO] (Minecraft) Environment: authHost='https://authserver.mojang.com', accountsHost='https://api.mojang.com', sessionHost='https://sessionserver.mojang.com', servicesHost='https://api.minecraftservices.com', name='PROD'
[20:31:28] [Render thread/ERROR] (Minecraft) Failed to verify authentication
com.mojang.authlib.exceptions.InvalidCredentialsException: Status: 401
	at com.mojang.authlib.exceptions.MinecraftClientHttpException.toAuthenticationException(MinecraftClientHttpException.java:56) ~[authlib-2.3.31.jar:?]
	at com.mojang.authlib.yggdrasil.YggdrasilSocialInteractionsService.checkPrivileges(YggdrasilSocialInteractionsService.java:112) ~[authlib-2.3.31.jar:?]
	at com.mojang.authlib.yggdrasil.YggdrasilSocialInteractionsService.<init>(YggdrasilSocialInteractionsService.java:42) ~[authlib-2.3.31.jar:?]
	at com.mojang.authlib.yggdrasil.YggdrasilAuthenticationService.createSocialInteractionsService(YggdrasilAuthenticationService.java:151) ~[authlib-2.3.31.jar:?]
	at net.minecraft.client.MinecraftClient.createSocialInteractionsService(MinecraftClient.java:670) [minecraft-1.17.1-mapped-net.fabricmc.yarn-1.17.1+build.39-v2.jar:?]
	at net.minecraft.client.MinecraftClient.<init>(MinecraftClient.java:429) [minecraft-1.17.1-mapped-net.fabricmc.yarn-1.17.1+build.39-v2.jar:?]
	at net.minecraft.client.main.Main.main(Main.java:179) [minecraft-1.17.1-mapped-net.fabricmc.yarn-1.17.1+build.39-v2.jar:?]
	at jdk.internal.reflect.NativeMethodAccessorImpl.invoke0(Native Method) ~[?:?]
	at jdk.internal.reflect.NativeMethodAccessorImpl.invoke(NativeMethodAccessorImpl.java:78) ~[?:?]
	at jdk.internal.reflect.DelegatingMethodAccessorImpl.invoke(DelegatingMethodAccessorImpl.java:43) ~[?:?]
	at java.lang.reflect.Method.invoke(Method.java:567) ~[?:?]
	at net.fabricmc.loader.game.MinecraftGameProvider.launch(MinecraftGameProvider.java:234) [fabric-loader-0.11.6.jar:?]
	at net.fabricmc.loader.launch.knot.Knot.launch(Knot.java:153) [fabric-loader-0.11.6.jar:?]
	at net.fabricmc.loader.launch.knot.KnotClient.main(KnotClient.java:28) [fabric-loader-0.11.6.jar:?]
	at net.fabricmc.devlaunchinjector.Main.main(Main.java:86) [dev-launch-injector-0.2.1+build.8.jar:?]
Caused by: com.mojang.authlib.exceptions.MinecraftClientHttpException: Status: 401
	at com.mojang.authlib.minecraft.client.MinecraftClient.readInputStream(MinecraftClient.java:77) ~[authlib-2.3.31.jar:?]
	at com.mojang.authlib.minecraft.client.MinecraftClient.get(MinecraftClient.java:47) ~[authlib-2.3.31.jar:?]
	at com.mojang.authlib.yggdrasil.YggdrasilSocialInteractionsService.checkPrivileges(YggdrasilSocialInteractionsService.java:104) ~[authlib-2.3.31.jar:?]
	... 13 more
[20:31:28] [Render thread/INFO] (Minecraft) Setting user: Player527
[20:31:28] [Render thread/INFO] (REI) Config loaded.
[20:31:28] [Render thread/INFO] (REI) Registered plugin provider DefaultPlugin [roughlyenoughitems] for REIPlugin
[20:31:28] [Render thread/INFO] (REI) Registered plugin provider DefaultRuntimePlugin [roughlyenoughitems] for REIPlugin
[20:31:28] [Render thread/INFO] (REI) Registered plugin provider DefaultClientPlugin [roughlyenoughitems] for REIPlugin
[20:31:28] [Render thread/INFO] (REI) Registered plugin provider DefaultClientRuntimePlugin [roughlyenoughitems] for REIPlugin
[20:31:28] [Render thread/INFO] (REI) Registered plugin provider DefaultPlugin [roughlyenoughitems] for REIServerPlugin
[20:31:28] [Render thread/INFO] (REI) Registered plugin provider DefaultRuntimePlugin [roughlyenoughitems] for REIServerPlugin
[20:31:28] [Render thread/WARN] (mixin) @Inject(@At("INVOKE")) Shift.BY=3 on fabric-lifecycle-events-v1.mixins.json:client.WorldChunkMixin::handler$zzn000$onLoadBlockEntity exceeds the maximum allowed value: 0. Increase the value of maxShiftBy to suppress this warning.
[20:31:29] [Render thread/INFO] (modid) Hello Fabric world!
[20:31:29] [Render thread/WARN] (Mod Menu) WARNING! Mod cloth-basic-math is only using deprecated 'modmenu:api' custom value! This will be removed in 1.18 snapshots, so ask the author of this mod to support the new API.
[20:31:29] [Render thread/WARN] (Mod Menu) WARNING! Mod architectury is only using deprecated 'modmenu:api' custom value! This will be removed in 1.18 snapshots, so ask the author of this mod to support the new API.
[20:31:29] [Render thread/INFO] (REI) Registered plugin provider DefaultClientPlugin [roughlyenoughitems] for REIClientPlugin
[20:31:29] [Render thread/INFO] (REI) Registered plugin provider DefaultClientRuntimePlugin [roughlyenoughitems] for REIClientPlugin
[20:31:29] [Render thread/INFO] (Indigo) [Indigo] Registering Indigo renderer!
[20:31:29] [Render thread/INFO] (Minecraft) Backend library: LWJGL version 3.2.2 build 10
[20:31:30] [Render thread/INFO] (Minecraft) Narrator library for x64 successfully loaded
[20:31:30] [Render thread/INFO] (Minecraft) Reloading ResourceManager: Default, Fabric Mods (Mod Menu, Roughly Enough Items, Cloth Config v5, Fabric Renderer API (v1), Fabric Key Bindings (v0), Fabric Loader, Fabric Transfer API (v1), Fabric Structure API (v1), Fabric Containers (v0), Fabric Dimensions API (v1), Fabric Object Builder API (v1), Fabric Game Rule API (v1), Fabric API Base, Fabric Rendering Data Attachment (v1), Fabric Textures (v0), Fabric Rendering Fluids (v1), Fabric BlockRenderLayer Registration (v1), Fabric Lifecycle Events (v1), Fabric Renderer Registries (v1), Fabric Loot Tables (v1), Fabric API, Fabric Particles (v1), Fabric Networking (v0), Fabric API Lookup API (v1), sundry, Fabric Screen Handler API (v1), Fabric Networking Block Entity (v0), Fabric Command API (v1), Fabric Screen API (v1), Fabric Tool Attribute API (v1), Fabric Renderer - Indigo, Fabric Crash Report Info (v1), Fabric Item API (v1), Fabric Events Interaction (v0), Fabric Entity Events (v1), Fabric Rendering (v0), Fabric Key Binding API (v1), Fabric Rendering (v1), Fabric Resource Loader (v0), Fabric Content Registries (v0), Fabric Tag Extensions (v0), Fabric Biome API (v1), Fabric Registry Sync (v0), Fabric Commands (v0), Fabric Mining Levels (v0), Fabric Networking API (v1), Fabric Events Lifecycle (v0), Fabric Item Groups (v0), Fabric Models (v0), Fabric Object Builders (v0))
[20:31:31] [Render thread/INFO] (modid) This line is printed by an example mod mixin!
[20:31:31] [Realms Notification Availability checker #1/INFO] (Minecraft) Could not authorize you against Realms server: Invalid session id
[20:31:33] [Render thread/INFO] (Minecraft) OpenAL initialized.
[20:31:33] [Render thread/INFO] (Minecraft) Sound engine started
[20:31:33] [Render thread/INFO] (Minecraft) Created: 1024x1024x4 minecraft:textures/atlas/blocks.png-atlas
[20:31:33] [Render thread/INFO] (Minecraft) Created: 256x128x4 minecraft:textures/atlas/signs.png-atlas
[20:31:33] [Render thread/INFO] (Minecraft) Created: 1024x512x4 minecraft:textures/atlas/banner_patterns.png-atlas
[20:31:33] [Render thread/INFO] (Minecraft) Created: 1024x512x4 minecraft:textures/atlas/shield_patterns.png-atlas
[20:31:33] [Render thread/INFO] (Minecraft) Created: 256x256x4 minecraft:textures/atlas/chest.png-atlas
[20:31:33] [Render thread/INFO] (Minecraft) Created: 512x256x4 minecraft:textures/atlas/beds.png-atlas
[20:31:33] [Render thread/INFO] (Minecraft) Created: 512x256x4 minecraft:textures/atlas/shulker_boxes.png-atlas
[20:31:34] [Render thread/INFO] (Minecraft) Created: 256x256x0 minecraft:textures/atlas/particles.png-atlas
[20:31:34] [Render thread/INFO] (Minecraft) Created: 256x256x0 minecraft:textures/atlas/paintings.png-atlas
[20:31:34] [Render thread/INFO] (Minecraft) Created: 256x128x0 minecraft:textures/atlas/mob_effects.png-atlas
[20:31:34] [Render thread/INFO] (modid) This line is printed by an example mod mixin!
[20:31:59] [Render thread/INFO] (modid) This line is printed by an example mod mixin!
[20:32:04] [Render thread/INFO] (Minecraft) Stopping!
